{
  "uid" : "c53802fa44c1ff13",
  "name" : "test__create_article",
  "fullName" : "test.test_main.TestConduit#test__create_article",
  "historyId" : "a12f9234a127f31b94cb4ec08ff97a42",
  "time" : {
    "start" : 1628669525941,
    "stop" : 1628669535292,
    "duration" : 9351
  },
  "status" : "broken",
  "statusMessage" : "selenium.common.exceptions.TimeoutException: Message:",
  "statusTrace" : "self = <test_main.TestConduit object at 0x7f3ca65dccd0>\n\n    def test__create_article(self):\n        accept_cookies(self.driver)\n        time.sleep(2)\n        logging_in(self.driver)\n        time.sleep(2)\n>       new_article_button = WebDriverWait(self.driver, 5).until(\n            EC.presence_of_element_located((By.XPATH, '//*[@class=\"nav-link\" and contains(text(),\"New Article\")]'))\n        ).click()\n\ntest/test_main.py:216: \n_ _ _ _ _ _ _ _ _ _ _ _ _ _ _ _ _ _ _ _ _ _ _ _ _ _ _ _ _ _ _ _ _ _ _ _ _ _ _ _ \n\nself = <selenium.webdriver.support.wait.WebDriverWait (session=\"3530e86ec042a2dffe9d2ce5ce5ce0a7\")>\nmethod = <selenium.webdriver.support.expected_conditions.presence_of_element_located object at 0x7f3ca6592460>\nmessage = ''\n\n    def until(self, method, message=''):\n        \"\"\"Calls the method provided with the driver as an argument until the \\\n        return value is not False.\"\"\"\n        screen = None\n        stacktrace = None\n    \n        end_time = time.time() + self._timeout\n        while True:\n            try:\n                value = method(self._driver)\n                if value:\n                    return value\n            except self._ignored_exceptions as exc:\n                screen = getattr(exc, 'screen', None)\n                stacktrace = getattr(exc, 'stacktrace', None)\n            time.sleep(self._poll)\n            if time.time() > end_time:\n                break\n>       raise TimeoutException(message, screen, stacktrace)\nE       selenium.common.exceptions.TimeoutException: Message:\n\n/opt/hostedtoolcache/Python/3.9.5/x64/lib/python3.9/site-packages/selenium/webdriver/support/wait.py:80: TimeoutException",
  "flaky" : false,
  "newFailed" : false,
  "beforeStages" : [ ],
  "testStage" : {
    "status" : "broken",
    "statusMessage" : "selenium.common.exceptions.TimeoutException: Message:",
    "statusTrace" : "self = <test_main.TestConduit object at 0x7f3ca65dccd0>\n\n    def test__create_article(self):\n        accept_cookies(self.driver)\n        time.sleep(2)\n        logging_in(self.driver)\n        time.sleep(2)\n>       new_article_button = WebDriverWait(self.driver, 5).until(\n            EC.presence_of_element_located((By.XPATH, '//*[@class=\"nav-link\" and contains(text(),\"New Article\")]'))\n        ).click()\n\ntest/test_main.py:216: \n_ _ _ _ _ _ _ _ _ _ _ _ _ _ _ _ _ _ _ _ _ _ _ _ _ _ _ _ _ _ _ _ _ _ _ _ _ _ _ _ \n\nself = <selenium.webdriver.support.wait.WebDriverWait (session=\"3530e86ec042a2dffe9d2ce5ce5ce0a7\")>\nmethod = <selenium.webdriver.support.expected_conditions.presence_of_element_located object at 0x7f3ca6592460>\nmessage = ''\n\n    def until(self, method, message=''):\n        \"\"\"Calls the method provided with the driver as an argument until the \\\n        return value is not False.\"\"\"\n        screen = None\n        stacktrace = None\n    \n        end_time = time.time() + self._timeout\n        while True:\n            try:\n                value = method(self._driver)\n                if value:\n                    return value\n            except self._ignored_exceptions as exc:\n                screen = getattr(exc, 'screen', None)\n                stacktrace = getattr(exc, 'stacktrace', None)\n            time.sleep(self._poll)\n            if time.time() > end_time:\n                break\n>       raise TimeoutException(message, screen, stacktrace)\nE       selenium.common.exceptions.TimeoutException: Message:\n\n/opt/hostedtoolcache/Python/3.9.5/x64/lib/python3.9/site-packages/selenium/webdriver/support/wait.py:80: TimeoutException",
    "steps" : [ ],
    "attachments" : [ {
      "uid" : "45ffacb80717a1bf",
      "name" : "log",
      "source" : "45ffacb80717a1bf.txt",
      "type" : "text/plain",
      "size" : 344
    }, {
      "uid" : "3e3204c140d71e78",
      "name" : "stderr",
      "source" : "3e3204c140d71e78.txt",
      "type" : "text/plain",
      "size" : 215
    } ],
    "parameters" : [ ],
    "stepsCount" : 0,
    "attachmentsCount" : 2,
    "shouldDisplayMessage" : true,
    "hasContent" : true
  },
  "afterStages" : [ ],
  "labels" : [ {
    "name" : "parentSuite",
    "value" : "test"
  }, {
    "name" : "suite",
    "value" : "test_main"
  }, {
    "name" : "subSuite",
    "value" : "TestConduit"
  }, {
    "name" : "host",
    "value" : "fv-az83-587"
  }, {
    "name" : "thread",
    "value" : "3929-MainThread"
  }, {
    "name" : "framework",
    "value" : "pytest"
  }, {
    "name" : "language",
    "value" : "cpython3"
  }, {
    "name" : "package",
    "value" : "test.test_main"
  }, {
    "name" : "resultFormat",
    "value" : "allure2"
  } ],
  "parameters" : [ ],
  "links" : [ ],
  "hidden" : false,
  "retry" : false,
  "extra" : {
    "severity" : "normal",
    "retries" : [ ],
    "categories" : [ {
      "name" : "Test defects",
      "matchedStatuses" : [ ],
      "flaky" : false
    } ],
    "tags" : [ ]
  },
  "source" : "c53802fa44c1ff13.json",
  "parameterValues" : [ ]
}