{
  "uid" : "dde5d22031c4a575",
  "name" : "test__create_article",
  "fullName" : "test.test_main.TestConduit#test__create_article",
  "historyId" : "a12f9234a127f31b94cb4ec08ff97a42",
  "time" : {
    "start" : 1628668914894,
    "stop" : 1628668920190,
    "duration" : 5296
  },
  "status" : "broken",
  "statusMessage" : "selenium.common.exceptions.TimeoutException: Message:",
  "statusTrace" : "self = <test_main.TestConduit object at 0x7ffa71363ac0>\n\n    def test__create_article(self):\n        accept_cookies(self.driver)\n        logging_in(self.driver)\n>       new_article_button = WebDriverWait(self.driver, 5).until(\n            EC.presence_of_element_located((By.XPATH, '//*[@class=\"nav-link\" and contains(text(),\"New Article\")]'))\n        ).click()\n\ntest/test_main.py:213: \n_ _ _ _ _ _ _ _ _ _ _ _ _ _ _ _ _ _ _ _ _ _ _ _ _ _ _ _ _ _ _ _ _ _ _ _ _ _ _ _ \n\nself = <selenium.webdriver.support.wait.WebDriverWait (session=\"d7ddd73f055adaed48e16d2849f24482\")>\nmethod = <selenium.webdriver.support.expected_conditions.presence_of_element_located object at 0x7ffa7130c850>\nmessage = ''\n\n    def until(self, method, message=''):\n        \"\"\"Calls the method provided with the driver as an argument until the \\\n        return value is not False.\"\"\"\n        screen = None\n        stacktrace = None\n    \n        end_time = time.time() + self._timeout\n        while True:\n            try:\n                value = method(self._driver)\n                if value:\n                    return value\n            except self._ignored_exceptions as exc:\n                screen = getattr(exc, 'screen', None)\n                stacktrace = getattr(exc, 'stacktrace', None)\n            time.sleep(self._poll)\n            if time.time() > end_time:\n                break\n>       raise TimeoutException(message, screen, stacktrace)\nE       selenium.common.exceptions.TimeoutException: Message:\n\n/opt/hostedtoolcache/Python/3.9.5/x64/lib/python3.9/site-packages/selenium/webdriver/support/wait.py:80: TimeoutException",
  "flaky" : false,
  "newFailed" : false,
  "beforeStages" : [ ],
  "testStage" : {
    "status" : "broken",
    "statusMessage" : "selenium.common.exceptions.TimeoutException: Message:",
    "statusTrace" : "self = <test_main.TestConduit object at 0x7ffa71363ac0>\n\n    def test__create_article(self):\n        accept_cookies(self.driver)\n        logging_in(self.driver)\n>       new_article_button = WebDriverWait(self.driver, 5).until(\n            EC.presence_of_element_located((By.XPATH, '//*[@class=\"nav-link\" and contains(text(),\"New Article\")]'))\n        ).click()\n\ntest/test_main.py:213: \n_ _ _ _ _ _ _ _ _ _ _ _ _ _ _ _ _ _ _ _ _ _ _ _ _ _ _ _ _ _ _ _ _ _ _ _ _ _ _ _ \n\nself = <selenium.webdriver.support.wait.WebDriverWait (session=\"d7ddd73f055adaed48e16d2849f24482\")>\nmethod = <selenium.webdriver.support.expected_conditions.presence_of_element_located object at 0x7ffa7130c850>\nmessage = ''\n\n    def until(self, method, message=''):\n        \"\"\"Calls the method provided with the driver as an argument until the \\\n        return value is not False.\"\"\"\n        screen = None\n        stacktrace = None\n    \n        end_time = time.time() + self._timeout\n        while True:\n            try:\n                value = method(self._driver)\n                if value:\n                    return value\n            except self._ignored_exceptions as exc:\n                screen = getattr(exc, 'screen', None)\n                stacktrace = getattr(exc, 'stacktrace', None)\n            time.sleep(self._poll)\n            if time.time() > end_time:\n                break\n>       raise TimeoutException(message, screen, stacktrace)\nE       selenium.common.exceptions.TimeoutException: Message:\n\n/opt/hostedtoolcache/Python/3.9.5/x64/lib/python3.9/site-packages/selenium/webdriver/support/wait.py:80: TimeoutException",
    "steps" : [ ],
    "attachments" : [ {
      "uid" : "f40925e7b4e82236",
      "name" : "log",
      "source" : "f40925e7b4e82236.txt",
      "type" : "text/plain",
      "size" : 344
    }, {
      "uid" : "6b9ddd43e23b609e",
      "name" : "stderr",
      "source" : "6b9ddd43e23b609e.txt",
      "type" : "text/plain",
      "size" : 215
    } ],
    "parameters" : [ ],
    "stepsCount" : 0,
    "attachmentsCount" : 2,
    "shouldDisplayMessage" : true,
    "hasContent" : true
  },
  "afterStages" : [ ],
  "labels" : [ {
    "name" : "parentSuite",
    "value" : "test"
  }, {
    "name" : "suite",
    "value" : "test_main"
  }, {
    "name" : "subSuite",
    "value" : "TestConduit"
  }, {
    "name" : "host",
    "value" : "fv-az83-587"
  }, {
    "name" : "thread",
    "value" : "3806-MainThread"
  }, {
    "name" : "framework",
    "value" : "pytest"
  }, {
    "name" : "language",
    "value" : "cpython3"
  }, {
    "name" : "package",
    "value" : "test.test_main"
  }, {
    "name" : "resultFormat",
    "value" : "allure2"
  } ],
  "parameters" : [ ],
  "links" : [ ],
  "hidden" : false,
  "retry" : false,
  "extra" : {
    "severity" : "normal",
    "retries" : [ ],
    "categories" : [ {
      "name" : "Test defects",
      "matchedStatuses" : [ ],
      "flaky" : false
    } ],
    "tags" : [ ]
  },
  "source" : "dde5d22031c4a575.json",
  "parameterValues" : [ ]
}