{
  "uid" : "7495a5b2404c8394",
  "name" : "test__logout",
  "fullName" : "test.test_main.TestConduit#test__logout",
  "historyId" : "d6e7d8134524108dcf87f82767e51f75",
  "time" : {
    "start" : 1628667446277,
    "stop" : 1628667451539,
    "duration" : 5262
  },
  "status" : "broken",
  "statusMessage" : "selenium.common.exceptions.TimeoutException: Message:",
  "statusTrace" : "self = <test_main.TestConduit object at 0x7f8cc0c9c8b0>\n\n    def test__logout(self):\n        accept_cookies(self.driver)\n        logging_in(self.driver)\n>       log_out_button = WebDriverWait(self.driver, 5).until(\n            EC.presence_of_element_located((By.XPATH, '//*[@class=\"nav-link\" and contains(text(),\"Log out\")]'))\n        )\n\ntest/test_main.py:416: \n_ _ _ _ _ _ _ _ _ _ _ _ _ _ _ _ _ _ _ _ _ _ _ _ _ _ _ _ _ _ _ _ _ _ _ _ _ _ _ _ \n\nself = <selenium.webdriver.support.wait.WebDriverWait (session=\"1d71081ec07a874563b4e60942a11746\")>\nmethod = <selenium.webdriver.support.expected_conditions.presence_of_element_located object at 0x7f8cc0b63640>\nmessage = ''\n\n    def until(self, method, message=''):\n        \"\"\"Calls the method provided with the driver as an argument until the \\\n        return value is not False.\"\"\"\n        screen = None\n        stacktrace = None\n    \n        end_time = time.time() + self._timeout\n        while True:\n            try:\n                value = method(self._driver)\n                if value:\n                    return value\n            except self._ignored_exceptions as exc:\n                screen = getattr(exc, 'screen', None)\n                stacktrace = getattr(exc, 'stacktrace', None)\n            time.sleep(self._poll)\n            if time.time() > end_time:\n                break\n>       raise TimeoutException(message, screen, stacktrace)\nE       selenium.common.exceptions.TimeoutException: Message:\n\n/opt/hostedtoolcache/Python/3.9.5/x64/lib/python3.9/site-packages/selenium/webdriver/support/wait.py:80: TimeoutException",
  "flaky" : false,
  "newFailed" : false,
  "beforeStages" : [ ],
  "testStage" : {
    "status" : "broken",
    "statusMessage" : "selenium.common.exceptions.TimeoutException: Message:",
    "statusTrace" : "self = <test_main.TestConduit object at 0x7f8cc0c9c8b0>\n\n    def test__logout(self):\n        accept_cookies(self.driver)\n        logging_in(self.driver)\n>       log_out_button = WebDriverWait(self.driver, 5).until(\n            EC.presence_of_element_located((By.XPATH, '//*[@class=\"nav-link\" and contains(text(),\"Log out\")]'))\n        )\n\ntest/test_main.py:416: \n_ _ _ _ _ _ _ _ _ _ _ _ _ _ _ _ _ _ _ _ _ _ _ _ _ _ _ _ _ _ _ _ _ _ _ _ _ _ _ _ \n\nself = <selenium.webdriver.support.wait.WebDriverWait (session=\"1d71081ec07a874563b4e60942a11746\")>\nmethod = <selenium.webdriver.support.expected_conditions.presence_of_element_located object at 0x7f8cc0b63640>\nmessage = ''\n\n    def until(self, method, message=''):\n        \"\"\"Calls the method provided with the driver as an argument until the \\\n        return value is not False.\"\"\"\n        screen = None\n        stacktrace = None\n    \n        end_time = time.time() + self._timeout\n        while True:\n            try:\n                value = method(self._driver)\n                if value:\n                    return value\n            except self._ignored_exceptions as exc:\n                screen = getattr(exc, 'screen', None)\n                stacktrace = getattr(exc, 'stacktrace', None)\n            time.sleep(self._poll)\n            if time.time() > end_time:\n                break\n>       raise TimeoutException(message, screen, stacktrace)\nE       selenium.common.exceptions.TimeoutException: Message:\n\n/opt/hostedtoolcache/Python/3.9.5/x64/lib/python3.9/site-packages/selenium/webdriver/support/wait.py:80: TimeoutException",
    "steps" : [ ],
    "attachments" : [ {
      "uid" : "2d95f93c7104aa6e",
      "name" : "log",
      "source" : "2d95f93c7104aa6e.txt",
      "type" : "text/plain",
      "size" : 344
    }, {
      "uid" : "c318cad7f68e599",
      "name" : "stderr",
      "source" : "c318cad7f68e599.txt",
      "type" : "text/plain",
      "size" : 215
    } ],
    "parameters" : [ ],
    "stepsCount" : 0,
    "attachmentsCount" : 2,
    "shouldDisplayMessage" : true,
    "hasContent" : true
  },
  "afterStages" : [ ],
  "labels" : [ {
    "name" : "parentSuite",
    "value" : "test"
  }, {
    "name" : "suite",
    "value" : "test_main"
  }, {
    "name" : "subSuite",
    "value" : "TestConduit"
  }, {
    "name" : "host",
    "value" : "fv-az36-389"
  }, {
    "name" : "thread",
    "value" : "3862-MainThread"
  }, {
    "name" : "framework",
    "value" : "pytest"
  }, {
    "name" : "language",
    "value" : "cpython3"
  }, {
    "name" : "package",
    "value" : "test.test_main"
  }, {
    "name" : "resultFormat",
    "value" : "allure2"
  } ],
  "parameters" : [ ],
  "links" : [ ],
  "hidden" : false,
  "retry" : false,
  "extra" : {
    "severity" : "normal",
    "retries" : [ ],
    "categories" : [ {
      "name" : "Test defects",
      "matchedStatuses" : [ ],
      "flaky" : false
    } ],
    "tags" : [ ]
  },
  "source" : "7495a5b2404c8394.json",
  "parameterValues" : [ ]
}