{
  "uid" : "8300462b6b5d54b5",
  "name" : "test__delete_article",
  "fullName" : "test.test_main.TestConduit#test__delete_article",
  "historyId" : "da6aaf64b367f128c0b47b06beabb3c8",
  "time" : {
    "start" : 1628671791248,
    "stop" : 1628671805729,
    "duration" : 14481
  },
  "status" : "broken",
  "statusMessage" : "selenium.common.exceptions.TimeoutException: Message:",
  "statusTrace" : "self = <test_main.TestConduit object at 0x7f17f446d8b0>\n\n    def test__delete_article(self):\n        accept_cookies(self.driver)\n        logging_in(self.driver)\n>       article_button = WebDriverWait(self.driver, 10).until(\n            EC.presence_of_element_located((By.XPATH, '//*[@class=\"nav-link\" and contains(text(),\"New Article\")]'))\n        ).click()\n\ntest/test_main.py:321: \n_ _ _ _ _ _ _ _ _ _ _ _ _ _ _ _ _ _ _ _ _ _ _ _ _ _ _ _ _ _ _ _ _ _ _ _ _ _ _ _ \n\nself = <selenium.webdriver.support.wait.WebDriverWait (session=\"27937641fc9358bdd5ae232413d7371e\")>\nmethod = <selenium.webdriver.support.expected_conditions.presence_of_element_located object at 0x7f17f45186a0>\nmessage = ''\n\n    def until(self, method, message=''):\n        \"\"\"Calls the method provided with the driver as an argument until the \\\n        return value is not False.\"\"\"\n        screen = None\n        stacktrace = None\n    \n        end_time = time.time() + self._timeout\n        while True:\n            try:\n                value = method(self._driver)\n                if value:\n                    return value\n            except self._ignored_exceptions as exc:\n                screen = getattr(exc, 'screen', None)\n                stacktrace = getattr(exc, 'stacktrace', None)\n            time.sleep(self._poll)\n            if time.time() > end_time:\n                break\n>       raise TimeoutException(message, screen, stacktrace)\nE       selenium.common.exceptions.TimeoutException: Message:\n\n/opt/hostedtoolcache/Python/3.9.5/x64/lib/python3.9/site-packages/selenium/webdriver/support/wait.py:80: TimeoutException",
  "flaky" : false,
  "newFailed" : false,
  "beforeStages" : [ ],
  "testStage" : {
    "status" : "broken",
    "statusMessage" : "selenium.common.exceptions.TimeoutException: Message:",
    "statusTrace" : "self = <test_main.TestConduit object at 0x7f17f446d8b0>\n\n    def test__delete_article(self):\n        accept_cookies(self.driver)\n        logging_in(self.driver)\n>       article_button = WebDriverWait(self.driver, 10).until(\n            EC.presence_of_element_located((By.XPATH, '//*[@class=\"nav-link\" and contains(text(),\"New Article\")]'))\n        ).click()\n\ntest/test_main.py:321: \n_ _ _ _ _ _ _ _ _ _ _ _ _ _ _ _ _ _ _ _ _ _ _ _ _ _ _ _ _ _ _ _ _ _ _ _ _ _ _ _ \n\nself = <selenium.webdriver.support.wait.WebDriverWait (session=\"27937641fc9358bdd5ae232413d7371e\")>\nmethod = <selenium.webdriver.support.expected_conditions.presence_of_element_located object at 0x7f17f45186a0>\nmessage = ''\n\n    def until(self, method, message=''):\n        \"\"\"Calls the method provided with the driver as an argument until the \\\n        return value is not False.\"\"\"\n        screen = None\n        stacktrace = None\n    \n        end_time = time.time() + self._timeout\n        while True:\n            try:\n                value = method(self._driver)\n                if value:\n                    return value\n            except self._ignored_exceptions as exc:\n                screen = getattr(exc, 'screen', None)\n                stacktrace = getattr(exc, 'stacktrace', None)\n            time.sleep(self._poll)\n            if time.time() > end_time:\n                break\n>       raise TimeoutException(message, screen, stacktrace)\nE       selenium.common.exceptions.TimeoutException: Message:\n\n/opt/hostedtoolcache/Python/3.9.5/x64/lib/python3.9/site-packages/selenium/webdriver/support/wait.py:80: TimeoutException",
    "steps" : [ ],
    "attachments" : [ {
      "uid" : "accb0cdf35d81200",
      "name" : "log",
      "source" : "accb0cdf35d81200.txt",
      "type" : "text/plain",
      "size" : 344
    }, {
      "uid" : "bdef92d599e460a",
      "name" : "stderr",
      "source" : "bdef92d599e460a.txt",
      "type" : "text/plain",
      "size" : 215
    } ],
    "parameters" : [ ],
    "stepsCount" : 0,
    "attachmentsCount" : 2,
    "shouldDisplayMessage" : true,
    "hasContent" : true
  },
  "afterStages" : [ ],
  "labels" : [ {
    "name" : "parentSuite",
    "value" : "test"
  }, {
    "name" : "suite",
    "value" : "test_main"
  }, {
    "name" : "subSuite",
    "value" : "TestConduit"
  }, {
    "name" : "host",
    "value" : "fv-az36-389"
  }, {
    "name" : "thread",
    "value" : "3829-MainThread"
  }, {
    "name" : "framework",
    "value" : "pytest"
  }, {
    "name" : "language",
    "value" : "cpython3"
  }, {
    "name" : "package",
    "value" : "test.test_main"
  }, {
    "name" : "resultFormat",
    "value" : "allure2"
  } ],
  "parameters" : [ ],
  "links" : [ ],
  "hidden" : false,
  "retry" : false,
  "extra" : {
    "severity" : "normal",
    "retries" : [ ],
    "categories" : [ {
      "name" : "Test defects",
      "matchedStatuses" : [ ],
      "flaky" : false
    } ],
    "tags" : [ ]
  },
  "source" : "8300462b6b5d54b5.json",
  "parameterValues" : [ ]
}