{
  "uid" : "fa605ded1d05aa50",
  "name" : "test__list_articles",
  "fullName" : "test.test_main.TestConduit#test__list_articles",
  "historyId" : "e44c6fda09dc6b56d20fdf4fa6bc4dce",
  "time" : {
    "start" : 1628671825557,
    "stop" : 1628671840036,
    "duration" : 14479
  },
  "status" : "broken",
  "statusMessage" : "selenium.common.exceptions.TimeoutException: Message:",
  "statusTrace" : "self = <test_main.TestConduit object at 0x7f17f45141c0>\n\n    def test__list_articles(self):\n        accept_cookies(self.driver)\n        logging_in(self.driver)\n>       user_button = WebDriverWait(self.driver, 10).until(\n            EC.presence_of_element_located((By.XPATH, '//*[@id=\"app\"]/nav/div/ul/li[4]/a'))\n        )\n\ntest/test_main.py:384: \n_ _ _ _ _ _ _ _ _ _ _ _ _ _ _ _ _ _ _ _ _ _ _ _ _ _ _ _ _ _ _ _ _ _ _ _ _ _ _ _ \n\nself = <selenium.webdriver.support.wait.WebDriverWait (session=\"933edb8eee732e2922e86e97c29c505b\")>\nmethod = <selenium.webdriver.support.expected_conditions.presence_of_element_located object at 0x7f17f4549100>\nmessage = ''\n\n    def until(self, method, message=''):\n        \"\"\"Calls the method provided with the driver as an argument until the \\\n        return value is not False.\"\"\"\n        screen = None\n        stacktrace = None\n    \n        end_time = time.time() + self._timeout\n        while True:\n            try:\n                value = method(self._driver)\n                if value:\n                    return value\n            except self._ignored_exceptions as exc:\n                screen = getattr(exc, 'screen', None)\n                stacktrace = getattr(exc, 'stacktrace', None)\n            time.sleep(self._poll)\n            if time.time() > end_time:\n                break\n>       raise TimeoutException(message, screen, stacktrace)\nE       selenium.common.exceptions.TimeoutException: Message:\n\n/opt/hostedtoolcache/Python/3.9.5/x64/lib/python3.9/site-packages/selenium/webdriver/support/wait.py:80: TimeoutException",
  "flaky" : false,
  "newFailed" : false,
  "beforeStages" : [ ],
  "testStage" : {
    "status" : "broken",
    "statusMessage" : "selenium.common.exceptions.TimeoutException: Message:",
    "statusTrace" : "self = <test_main.TestConduit object at 0x7f17f45141c0>\n\n    def test__list_articles(self):\n        accept_cookies(self.driver)\n        logging_in(self.driver)\n>       user_button = WebDriverWait(self.driver, 10).until(\n            EC.presence_of_element_located((By.XPATH, '//*[@id=\"app\"]/nav/div/ul/li[4]/a'))\n        )\n\ntest/test_main.py:384: \n_ _ _ _ _ _ _ _ _ _ _ _ _ _ _ _ _ _ _ _ _ _ _ _ _ _ _ _ _ _ _ _ _ _ _ _ _ _ _ _ \n\nself = <selenium.webdriver.support.wait.WebDriverWait (session=\"933edb8eee732e2922e86e97c29c505b\")>\nmethod = <selenium.webdriver.support.expected_conditions.presence_of_element_located object at 0x7f17f4549100>\nmessage = ''\n\n    def until(self, method, message=''):\n        \"\"\"Calls the method provided with the driver as an argument until the \\\n        return value is not False.\"\"\"\n        screen = None\n        stacktrace = None\n    \n        end_time = time.time() + self._timeout\n        while True:\n            try:\n                value = method(self._driver)\n                if value:\n                    return value\n            except self._ignored_exceptions as exc:\n                screen = getattr(exc, 'screen', None)\n                stacktrace = getattr(exc, 'stacktrace', None)\n            time.sleep(self._poll)\n            if time.time() > end_time:\n                break\n>       raise TimeoutException(message, screen, stacktrace)\nE       selenium.common.exceptions.TimeoutException: Message:\n\n/opt/hostedtoolcache/Python/3.9.5/x64/lib/python3.9/site-packages/selenium/webdriver/support/wait.py:80: TimeoutException",
    "steps" : [ ],
    "attachments" : [ {
      "uid" : "cd3ef205d9061da2",
      "name" : "log",
      "source" : "cd3ef205d9061da2.txt",
      "type" : "text/plain",
      "size" : 344
    }, {
      "uid" : "dfa4e580d4ca58c6",
      "name" : "stderr",
      "source" : "dfa4e580d4ca58c6.txt",
      "type" : "text/plain",
      "size" : 215
    } ],
    "parameters" : [ ],
    "stepsCount" : 0,
    "attachmentsCount" : 2,
    "shouldDisplayMessage" : true,
    "hasContent" : true
  },
  "afterStages" : [ ],
  "labels" : [ {
    "name" : "parentSuite",
    "value" : "test"
  }, {
    "name" : "suite",
    "value" : "test_main"
  }, {
    "name" : "subSuite",
    "value" : "TestConduit"
  }, {
    "name" : "host",
    "value" : "fv-az36-389"
  }, {
    "name" : "thread",
    "value" : "3829-MainThread"
  }, {
    "name" : "framework",
    "value" : "pytest"
  }, {
    "name" : "language",
    "value" : "cpython3"
  }, {
    "name" : "package",
    "value" : "test.test_main"
  }, {
    "name" : "resultFormat",
    "value" : "allure2"
  } ],
  "parameters" : [ ],
  "links" : [ ],
  "hidden" : false,
  "retry" : false,
  "extra" : {
    "severity" : "normal",
    "retries" : [ ],
    "categories" : [ {
      "name" : "Test defects",
      "matchedStatuses" : [ ],
      "flaky" : false
    } ],
    "tags" : [ ]
  },
  "source" : "fa605ded1d05aa50.json",
  "parameterValues" : [ ]
}