{
  "uid" : "fe604247dae381e7",
  "name" : "test__pagination",
  "fullName" : "test.test_main.TestConduit#test__pagination",
  "historyId" : "e1c2258acb20c14b45a758045fb8c760",
  "time" : {
    "start" : 1628671092685,
    "stop" : 1628671102004,
    "duration" : 9319
  },
  "status" : "broken",
  "statusMessage" : "selenium.common.exceptions.TimeoutException: Message:",
  "statusTrace" : "self = <test_main.TestConduit object at 0x7fcfe257b9a0>\n\n    def test__pagination(self):\n        accept_cookies(self.driver)\n        logging_in(self.driver)\n>       user_button = WebDriverWait(self.driver, 5).until(\n            EC.presence_of_element_located((By.XPATH, '//*[@id=\"app\"]/nav/div/ul/li[4]/a'))\n        )\n\ntest/test_main.py:401: \n_ _ _ _ _ _ _ _ _ _ _ _ _ _ _ _ _ _ _ _ _ _ _ _ _ _ _ _ _ _ _ _ _ _ _ _ _ _ _ _ \n\nself = <selenium.webdriver.support.wait.WebDriverWait (session=\"f43c8b6c47fb7396a3b2fd1c27165262\")>\nmethod = <selenium.webdriver.support.expected_conditions.presence_of_element_located object at 0x7fcfe257b4f0>\nmessage = ''\n\n    def until(self, method, message=''):\n        \"\"\"Calls the method provided with the driver as an argument until the \\\n        return value is not False.\"\"\"\n        screen = None\n        stacktrace = None\n    \n        end_time = time.time() + self._timeout\n        while True:\n            try:\n                value = method(self._driver)\n                if value:\n                    return value\n            except self._ignored_exceptions as exc:\n                screen = getattr(exc, 'screen', None)\n                stacktrace = getattr(exc, 'stacktrace', None)\n            time.sleep(self._poll)\n            if time.time() > end_time:\n                break\n>       raise TimeoutException(message, screen, stacktrace)\nE       selenium.common.exceptions.TimeoutException: Message:\n\n/opt/hostedtoolcache/Python/3.9.5/x64/lib/python3.9/site-packages/selenium/webdriver/support/wait.py:80: TimeoutException",
  "flaky" : false,
  "newFailed" : false,
  "beforeStages" : [ ],
  "testStage" : {
    "status" : "broken",
    "statusMessage" : "selenium.common.exceptions.TimeoutException: Message:",
    "statusTrace" : "self = <test_main.TestConduit object at 0x7fcfe257b9a0>\n\n    def test__pagination(self):\n        accept_cookies(self.driver)\n        logging_in(self.driver)\n>       user_button = WebDriverWait(self.driver, 5).until(\n            EC.presence_of_element_located((By.XPATH, '//*[@id=\"app\"]/nav/div/ul/li[4]/a'))\n        )\n\ntest/test_main.py:401: \n_ _ _ _ _ _ _ _ _ _ _ _ _ _ _ _ _ _ _ _ _ _ _ _ _ _ _ _ _ _ _ _ _ _ _ _ _ _ _ _ \n\nself = <selenium.webdriver.support.wait.WebDriverWait (session=\"f43c8b6c47fb7396a3b2fd1c27165262\")>\nmethod = <selenium.webdriver.support.expected_conditions.presence_of_element_located object at 0x7fcfe257b4f0>\nmessage = ''\n\n    def until(self, method, message=''):\n        \"\"\"Calls the method provided with the driver as an argument until the \\\n        return value is not False.\"\"\"\n        screen = None\n        stacktrace = None\n    \n        end_time = time.time() + self._timeout\n        while True:\n            try:\n                value = method(self._driver)\n                if value:\n                    return value\n            except self._ignored_exceptions as exc:\n                screen = getattr(exc, 'screen', None)\n                stacktrace = getattr(exc, 'stacktrace', None)\n            time.sleep(self._poll)\n            if time.time() > end_time:\n                break\n>       raise TimeoutException(message, screen, stacktrace)\nE       selenium.common.exceptions.TimeoutException: Message:\n\n/opt/hostedtoolcache/Python/3.9.5/x64/lib/python3.9/site-packages/selenium/webdriver/support/wait.py:80: TimeoutException",
    "steps" : [ ],
    "attachments" : [ {
      "uid" : "6772a22f387ccf",
      "name" : "log",
      "source" : "6772a22f387ccf.txt",
      "type" : "text/plain",
      "size" : 344
    }, {
      "uid" : "db73c852c5e48f7b",
      "name" : "stderr",
      "source" : "db73c852c5e48f7b.txt",
      "type" : "text/plain",
      "size" : 215
    } ],
    "parameters" : [ ],
    "stepsCount" : 0,
    "attachmentsCount" : 2,
    "shouldDisplayMessage" : true,
    "hasContent" : true
  },
  "afterStages" : [ ],
  "labels" : [ {
    "name" : "parentSuite",
    "value" : "test"
  }, {
    "name" : "suite",
    "value" : "test_main"
  }, {
    "name" : "subSuite",
    "value" : "TestConduit"
  }, {
    "name" : "host",
    "value" : "fv-az83-587"
  }, {
    "name" : "thread",
    "value" : "3825-MainThread"
  }, {
    "name" : "framework",
    "value" : "pytest"
  }, {
    "name" : "language",
    "value" : "cpython3"
  }, {
    "name" : "package",
    "value" : "test.test_main"
  }, {
    "name" : "resultFormat",
    "value" : "allure2"
  } ],
  "parameters" : [ ],
  "links" : [ ],
  "hidden" : false,
  "retry" : false,
  "extra" : {
    "severity" : "normal",
    "retries" : [ ],
    "categories" : [ {
      "name" : "Test defects",
      "matchedStatuses" : [ ],
      "flaky" : false
    } ],
    "tags" : [ ]
  },
  "source" : "fe604247dae381e7.json",
  "parameterValues" : [ ]
}